ab
ac
aba
acc
acb
abaa
acbc
acbb
abaaa
acbbc
acbbb
abaaaa
acbbbc
acbbbb
abaaaaa
acbbbbc
acbbbbb
abaaaaaa
acbbbbbc
acbbbbbb
abaaaaaaa
acbbbbbbc
acbbbbbbb
abaaaaaaaa
acbbbbbbbc
acbbbbbbbb
abaaaaaaaaa
acbbbbbbbbc
acbbbbbbbbb
abaaaaaaaaaa
acbbbbbbbbbc
acbbbbbbbbbb
abaaaaaaaaaaa
acbbbbbbbbbbc
acbbbbbbbbbbb
abaaaaaaaaaaaa
acbbbbbbbbbbbc
acbbbbbbbbbbbb
abaaaaaaaaaaaaa
acbbbbbbbbbbbbc
acbbbbbbbbbbbbb
abaaaaaaaaaaaaaa
acbbbbbbbbbbbbbc
acbbbbbbbbbbbbbb
abaaaaaaaaaaaaaaa
acbbbbbbbbbbbbbbc
acbbbbbbbbbbbbbbb
abaaaaaaaaaaaaaaaa
acbbbbbbbbbbbbbbbc
acbbbbbbbbbbbbbbbb
abaaaaaaaaaaaaaaaaa
acbbbbbbbbbbbbbbbbc
acbbbbbbbbbbbbbbbbb
abaaaaaaaaaaaaaaaaaa
acbbbbbbbbbbbbbbbbbc
acbbbbbbbbbbbbbbbbbb
abaaaaaaaaaaaaaaaaaaa
acbbbbbbbbbbbbbbbbbbc
acbbbbbbbbbbbbbbbbbbb
abaaaaaaaaaaaaaaaaaaaa
acbbbbbbbbbbbbbbbbbbbc
acbbbbbbbbbbbbbbbbbbbb
abaaaaaaaaaaaaaaaaaaaaa
acbbbbbbbbbbbbbbbbbbbbc
acbbbbbbbbbbbbbbbbbbbbb
abaaaaaaaaaaaaaaaaaaaaaa
acbbbbbbbbbbbbbbbbbbbbbc
acbbbbbbbbbbbbbbbbbbbbbb
abaaaaaaaaaaaaaaaaaaaaaaa
acbbbbbbbbbbbbbbbbbbbbbbc
acbbbbbbbbbbbbbbbbbbbbbbb
abaaaaaaaaaaaaaaaaaaaaaaaa
acbbbbbbbbbbbbbbbbbbbbbbbc
acbbbbbbbbbbbbbbbbbbbbbbbb
abaaaaaaaaaaaaaaaaaaaaaaaaa
acbbbbbbbbbbbbbbbbbbbbbbbbc
acbbbbbbbbbbbbbbbbbbbbbbbbb
abaaaaaaaaaaaaaaaaaaaaaaaaaa
acbbbbbbbbbbbbbbbbbbbbbbbbbc
acbbbbbbbbbbbbbbbbbbbbbbbbbb
abaaaaaaaaaaaaaaaaaaaaaaaaaaa
acbbbbbbbbbbbbbbbbbbbbbbbbbbc
acbbbbbbbbbbbbbbbbbbbbbbbbbbb
abaaaaaaaaaaaaaaaaaaaaaaaaaaaa
acbbbbbbbbbbbbbbbbbbbbbbbbbbbc
acbbbbbbbbbbbbbbbbbbbbbbbbbbbb
abaaaaaaaaaaaaaaaaaaaaaaaaaaaaa
acbbbbbbbbbbbbbbbbbbbbbbbbbbbbc
acbbbbbbbbbbbbbbbbbbbbbbbbbbbbb
abaaaaaaaaaaaaaaaaaaaaaaaaaaaaaa
acbbbbbbbbbbbbbbbbbbbbbbbbbbbbbc
acbbbbbbbbbbbbbbbbbbbbbbbbbbbbbb
abaaaaaaaaaaaaaaaaaaaaaaaaaaaaaaa
acbbbbbbbbbbbbbbbbbbbbbbbbbbbbbbc
acbbbbbbbbbbbbbbbbbbbbbbbbbbbbbbb
abaaaaaaaaaaaaaaaaaaaaaaaaaaaaaaaa
acbbbbbbbbbbbbbbbbbbbbbbbbbbbbbbbc
acbbbbbbbbbbbbbbbbbbbbbbbbbbbbbbbb
abaaaaaaaaaaaaaaaaaaaaaaaaaaaaaaaaa
acbbbbbbbbbbbbbbbbbbbbbbbbbbbbbbbbc
